<?xml version="1.0" encoding="UTF-8"?>
<!-- Generated by org.testng.reporters.JUnitXMLReporter -->
<testsuite ignored="1" hostname="Shpaah" failures="0" tests="3" name="Test" time="8.789" errors="0" timestamp="2023-11-12T18:04:41 IST">
  <testcase classname="TestCases.Problem_3" name="verifyLogo" time="0.566"/>
  <testcase classname="TestCases.Problem_3" name="RequestDemo" time="0.133"/>
  <testcase classname="TestCases.Problem_4" name="verifyLinks" time="8.003"/>
  <testcase classname="TestCases.BaseTest" name="@BeforeSuite initialize" time="0.0">
    <ignored/>
  </testcase> <!-- @BeforeSuite initialize -->
</testsuite> <!-- Test -->
