<?xml version="1.0" encoding="UTF-8"?>
<testng-results ignored="0" total="0" passed="0" failed="0" skipped="0">
  <reporter-output>
  </reporter-output>
  <suite started-at="2023-11-12T18:00:09 IST" name="Surefire suite" finished-at="2023-11-12T18:00:09 IST" duration-ms="28">
    <groups>
    </groups>
    <test started-at="2023-11-12T18:00:09 IST" name="Surefire test" finished-at="2023-11-12T18:00:09 IST" duration-ms="28">
      <class name="TestCases.BaseTest">
        <test-method is-config="true" signature="initialize()[pri:0, instance:TestCases.BaseTest@4a22f9e2]" started-at="2023-11-12T18:00:04 IST" name="initialize" finished-at="2023-11-12T18:00:09 IST" duration-ms="5013" status="PASS">
          <reporter-output>
          </reporter-output>
        </test-method> <!-- initialize -->
      </class> <!-- TestCases.BaseTest -->
    </test> <!-- Surefire test -->
  </suite> <!-- Surefire suite -->
</testng-results>
